<?xml version="1.0" encoding="UTF-8"?>
<!-- Generated by org.testng.reporters.JUnitReportReporter -->
<testsuite hostname="LAPTOP-DM7CRT84" failures="0" tests="1" name="Jenkins.Jenkins_Study" time="17.586" errors="0" timestamp="2023-06-03T14:00:25 IST" skipped="0">
  <testcase classname="Jenkins.Jenkins_Study" name="TC_001" time="17.586"/>
  <system-out/>
</testsuite> <!-- Jenkins.Jenkins_Study -->
